TN:
SF:/Users/silviobacci/Dropbox/MECS_Shared_Folder/Design_of_Embedded_Systems/CUnit_Testing/src/Cunit_Test.c
FN:82,init_suite1
FN:134,turningDirection
FN:158,testTurningDirection
FN:170,clean_suite1
FN:179,init_suite2
FN:187,carAngularSpeed
FN:212,carSpeed
FN:236,setAvoidingParam
FN:247,testSetAvoidingParam
FN:264,clean_suite2
FN:272,init_suite3
FN:287,searchLine
FN:307,testSearchLine
FN:329,clean_suite3
FN:337,main
FNDA:1,init_suite1
FNDA:128,turningDirection
FNDA:1,testTurningDirection
FNDA:1,clean_suite1
FNDA:1,init_suite2
FNDA:128,carAngularSpeed
FNDA:128,carSpeed
FNDA:64,setAvoidingParam
FNDA:1,testSetAvoidingParam
FNDA:1,clean_suite2
FNDA:1,init_suite3
FNDA:16,searchLine
FNDA:1,testSearchLine
FNDA:1,clean_suite3
FNDA:1,main
FNF:15
FNH:15
DA:84,2
DA:85,1
DA:86,1
DA:87,1
DA:88,1
DA:90,258
DA:91,128
DA:92,64
DA:93,64
DA:94,64
DA:96,64
DA:97,64
DA:99,1792
DA:100,768
DA:101,768
DA:102,768
DA:103,128
DA:105,1
DA:108,1
DA:110,258
DA:111,128
DA:113,128
DA:114,24
DA:115,104
DA:116,24
DA:117,80
DA:118,72
DA:119,8
DA:120,4
DA:122,4
DA:125,1
DA:127,1
DA:135,336
DA:136,72
DA:137,96
DA:138,24
DA:139,48
DA:140,24
DA:142,9
DA:144,7
DA:145,3
DA:147,7
DA:148,1
DA:149,4
DA:151,4
DA:152,128
DA:159,259
DA:160,1792
DA:161,768
DA:162,128
DA:163,128
DA:164,1
DA:171,2
DA:180,2
DA:188,128
DA:190,32
DA:193,32
DA:196,32
DA:199,32
DA:202,0
DA:206,128
DA:213,128
DA:215,32
DA:218,32
DA:221,32
DA:224,32
DA:227,0
DA:230,128
DA:237,128
DA:238,64
DA:239,64
DA:240,64
DA:241,64
DA:248,11
DA:249,4
DA:250,136
DA:251,64
DA:252,64
DA:253,192
DA:254,64
DA:255,64
DA:256,64
DA:257,4
DA:258,1
DA:265,2
DA:273,13
DA:274,60
DA:275,25
DA:276,25
DA:277,25
DA:278,5
DA:280,1
DA:288,32
DA:290,1
DA:292,1
DA:295,5
DA:296,1
DA:297,5
DA:299,10
DA:301,16
DA:309,35
DA:310,16
DA:311,16
DA:312,16
DA:313,16
DA:315,16
DA:316,1
DA:317,1
DA:319,21
DA:320,1
DA:321,1
DA:322,16
DA:323,1
DA:330,2
DA:338,1
DA:341,1
DA:342,0
DA:345,1
DA:346,1
DA:347,0
DA:348,0
DA:352,1
DA:353,0
DA:354,0
DA:358,1
DA:359,1
DA:360,0
DA:361,0
DA:365,1
DA:366,0
DA:367,0
DA:371,1
DA:372,1
DA:373,0
DA:374,0
DA:378,1
DA:379,0
DA:380,0
DA:384,1
DA:385,1
DA:386,1
DA:387,1
DA:388,1
LF:143
LH:128
end_of_record
